TSLA

1319.TW 
1319.TW 

1513.TW 
1513.TW 

1519.TW 
1519.TW 

1522.TW 
1522.TW 

1525.TW 
1525.TW 

1536.TW 
1536.TW 

1586.TWO 
1586.TWO

1723.TW 
1723.TW 

2002.TW 
2002.TW 

2066.TWO 
2066.TWO

2104.TW 
2104.TW 

2201.TW 
2201.TW 

2231.TW 
2231.TW 

2239.TW 
2239.TW 

2301.TW 
2301.TW 

2308.TW 
2308.TW 

2313.TW 
2313.TW 

2317.TW 
2317.TW 

2330.TW 
2330.TW 

2337.TW 
2337.TW 

2351.TW 
2351.TW 

2360.TW 
2360.TW 

2371.TW 
2371.TW 

2382.TW 
2382.TW 

2383.TW 
2383.TW 

2392.TW 
2392.TW 

2402.TW 
2402.TW 

2415.TW 
2415.TW 

2421.TW 
2421.TW 

2428.TW 
2428.TW 

2457.TW 
2457.TW 

2458.TW 
2458.TW 

2474.TW 
2474.TW 

2481.TW 
2481.TW 

3003.TW 
3003.TW 

3008.TW 
3008.TW 

3011.TW 
3011.TW 

3019.TW 
3019.TW 

3023.TW 
3023.TW 

3034.TW 
3034.TW 

3092.TW 
3092.TW 

3149.TW 
3149.TW 

3178.TWO
3178.TWO

3346.TW 
3346.TW 

3481.TW 
3481.TW 

3484.TWO 
3484.TWO

3491.TWO 
3491.TWO 

3501.TW 
3501.TW 

3526.TWO 
3526.TWO 

3552.TWO 
3552.TWO 

3605.TW 
3605.TW 

3653.TW 
3653.TW 

3665.TW 
3665.TW 

3673.TW 
3673.TW 

3715.TW
3715.TW

4528.TWO 
4528.TWO 

4551.TW 
4551.TW 

4566.TW 
4566.TW 

4721.TWO 
4721.TWO 

4739.TW 
4739.TW 

4915.TW 
4915.TW 

4931.TWO 
4931.TWO 

4938.TW 
4938.TW 

4958.TW 
4958.TW 

5227.TWO 
5227.TWO 

5243.TW 
5243.TW 

5285.TW 
5285.TW 

5309.TWO 
5309.TWO 

5425.TWO 
5425.TWO 

5439.TWO 
5439.TWO 

5457.TWO 
5457.TWO 

6121.TWO 
6121.TWO 

6138.TWO 
6138.TWO 

6170.TWO 
6170.TWO 

6176.TW 
6176.TW 

6205.TW 
6205.TW 

6217.TWO 
6217.TWO 

6235.TW 
6235.TW 

6271.TW 
6271.TW 

6275.TWO 
6275.TWO 

6279.TWO 
6279.TWO 

6282.TW
6282.TW

6288.TW 
6288.TW

6290.TWO 
6290.TWO 

6509.TWO 
6509.TWO 

6510.TWO 
6510.TWO 

6679.TWO 
6679.TWO 

6781.TW 
6781.TW 

8038.TWO 
8038.TWO 

8255.TWO
8255.TWO

8299.TWO 
8299.TWO 

8349.TWO 
8349.TWO 

8431.TWO 
8431.TWO 

8996.TW 
8996.TW 

